2024-11-11 04:36:49 error: [Error] Call to undefined method Cake\Routing\Router::scope() in C:\xampp\htdocs\proyecto_cbtis\config\routes.php on line 36
Stack Trace:
- CORE\src\Http\BaseApplication.php:219
- CORE\src\Console\CommandRunner.php:369
- CORE\src\Console\CommandRunner.php:151
- ROOT\bin\cake.php:10
- [main]:

2024-11-11 04:57:26 error: [Error] Call to undefined method Cake\Routing\Router::scope() in C:\xampp\htdocs\proyecto_cbtis\config\routes.php on line 36
Stack Trace:
- CORE\src\Http\BaseApplication.php:219
- CORE\src\Console\CommandRunner.php:369
- CORE\src\Console\CommandRunner.php:151
- ROOT\bin\cake.php:10
- [main]:

2024-11-11 04:57:29 error: [Error] Call to undefined method Cake\Routing\Router::scope() in C:\xampp\htdocs\proyecto_cbtis\config\routes.php on line 36
Stack Trace:
- CORE\src\Http\BaseApplication.php:219
- CORE\src\Console\CommandRunner.php:369
- CORE\src\Console\CommandRunner.php:151
- ROOT\bin\cake.php:10
- [main]:

2024-11-11 04:58:10 error: [Error] Call to undefined method Cake\Routing\Router::scope() in C:\xampp\htdocs\proyecto_cbtis\config\routes.php on line 36
Stack Trace:
- CORE\src\Http\BaseApplication.php:219
- CORE\src\Console\CommandRunner.php:369
- CORE\src\Console\CommandRunner.php:151
- ROOT\bin\cake.php:10
- [main]:

2024-11-11 04:59:36 error: [Error] Call to undefined method Cake\Routing\Router::scope() in C:\xampp\htdocs\proyecto_cbtis\config\routes.php on line 36
Stack Trace:
- CORE\src\Http\BaseApplication.php:219
- CORE\src\Console\CommandRunner.php:369
- CORE\src\Console\CommandRunner.php:151
- ROOT\bin\cake.php:10
- [main]:

2024-11-11 05:02:00 error: [Error] Call to undefined method Cake\Routing\Router::prefix() in C:\xampp\htdocs\proyecto_cbtis\config\routes.php on line 36
Stack Trace:
- CORE\src\Http\BaseApplication.php:219
- CORE\src\Console\CommandRunner.php:369
- CORE\src\Console\CommandRunner.php:151
- ROOT\bin\cake.php:10
- [main]:

2024-11-11 05:03:57 error: [Error] Call to undefined method Cake\Routing\Router::scope() in C:\xampp\htdocs\proyecto_cbtis\config\routes.php on line 37
Stack Trace:
- CORE\src\Http\BaseApplication.php:219
- CORE\src\Console\CommandRunner.php:369
- CORE\src\Console\CommandRunner.php:151
- ROOT\bin\cake.php:10
- [main]:

2024-11-11 05:08:00 error: [Error] Call to undefined method Cake\Routing\Router::scope() in C:\xampp\htdocs\proyecto_cbtis\config\routes.php on line 39
Stack Trace:
- CORE\src\Http\BaseApplication.php:219
- CORE\src\Console\CommandRunner.php:369
- CORE\src\Console\CommandRunner.php:151
- ROOT\bin\cake.php:10
- [main]:

2024-11-11 05:08:54 error: [Error] Call to undefined method Cake\Routing\Router::scope() in C:\xampp\htdocs\proyecto_cbtis\config\routes.php on line 39
Stack Trace:
- CORE\src\Http\BaseApplication.php:219
- CORE\src\Console\CommandRunner.php:373
- CORE\src\Console\CommandRunner.php:151
- ROOT\bin\cake.php:10
- [main]:

2024-11-11 05:10:20 error: [Error] Call to undefined method Cake\Routing\Router::createScope() in C:\xampp\htdocs\proyecto_cbtis\config\routes.php on line 40
Stack Trace:
- CORE\src\Http\BaseApplication.php:219
- CORE\src\Console\CommandRunner.php:373
- CORE\src\Console\CommandRunner.php:151
- ROOT\bin\cake.php:10
- [main]:

